0 info it worked if it ends with ok
1 verbose cli [ '/usr/bin/node', '/bin/npm', 'start' ]
2 info using npm@3.10.10
3 info using node@v6.12.2
4 verbose run-script [ 'prestart', 'start', 'poststart' ]
5 info lifecycle argo-vis@0.0.1~prestart: argo-vis@0.0.1
6 silly lifecycle argo-vis@0.0.1~prestart: no script for prestart, continuing
7 info lifecycle argo-vis@0.0.1~start: argo-vis@0.0.1
8 verbose lifecycle argo-vis@0.0.1~start: unsafe-perm in lifecycle true
9 verbose lifecycle argo-vis@0.0.1~start: PATH: /usr/lib/node_modules/npm/bin/node-gyp-bin:/opt/argo/node_modules/.bin:/usr/bin:/sbin:/bin:/usr/sbin:/usr/bin
10 verbose lifecycle argo-vis@0.0.1~start: CWD: /opt/argo
11 silly lifecycle argo-vis@0.0.1~start: Args: [ '-c', 'set NODE_ENV=production && node ./bin/www' ]
12 silly lifecycle argo-vis@0.0.1~start: Returned: code: 1  signal: null
13 info lifecycle argo-vis@0.0.1~start: Failed to exec start script
14 verbose stack Error: argo-vis@0.0.1 start: `set NODE_ENV=production && node ./bin/www`
14 verbose stack Exit status 1
14 verbose stack     at EventEmitter.<anonymous> (/usr/lib/node_modules/npm/lib/utils/lifecycle.js:255:16)
14 verbose stack     at emitTwo (events.js:106:13)
14 verbose stack     at EventEmitter.emit (events.js:191:7)
14 verbose stack     at ChildProcess.<anonymous> (/usr/lib/node_modules/npm/lib/utils/spawn.js:40:14)
14 verbose stack     at emitTwo (events.js:106:13)
14 verbose stack     at ChildProcess.emit (events.js:191:7)
14 verbose stack     at maybeClose (internal/child_process.js:920:16)
14 verbose stack     at Process.ChildProcess._handle.onexit (internal/child_process.js:230:5)
15 verbose pkgid argo-vis@0.0.1
16 verbose cwd /opt/argo
17 error Linux 3.10.0-693.11.6.el7.x86_64
18 error argv "/usr/bin/node" "/bin/npm" "start"
19 error node v6.12.2
20 error npm  v3.10.10
21 error code ELIFECYCLE
22 error argo-vis@0.0.1 start: `set NODE_ENV=production && node ./bin/www`
22 error Exit status 1
23 error Failed at the argo-vis@0.0.1 start script 'set NODE_ENV=production && node ./bin/www'.
23 error Make sure you have the latest version of node.js and npm installed.
23 error If you do, this is most likely a problem with the argo-vis package,
23 error not with npm itself.
23 error Tell the author that this fails on your system:
23 error     set NODE_ENV=production && node ./bin/www
23 error You can get information on how to open an issue for this project with:
23 error     npm bugs argo-vis
23 error Or if that isn't available, you can get their info via:
23 error     npm owner ls argo-vis
23 error There is likely additional logging output above.
24 verbose exit [ 1, true ]
